<?xml version="1.0" encoding="UTF-8"?>
<!-- Generated by org.testng.reporters.JUnitReportReporter -->
<testsuite hostname="DESKTOP-M3ANAKJ" failures="0" tests="1" name="com.capstone.qa.testcases.AddPatientPageTest" time="28.156" errors="0" timestamp="2024-04-26T15:30:19 AEST" skipped="0">
  <testcase classname="com.capstone.qa.testcases.AddPatientPageTest" name="patientDetailsTab" time="28.156"/>
  <system-out/>
</testsuite> <!-- com.capstone.qa.testcases.AddPatientPageTest -->
