<?xml version="1.0" encoding="UTF-8"?>
<!-- Generated by org.testng.reporters.JUnitReportReporter -->
<testsuite hostname="DESKTOP-M3ANAKJ" failures="0" tests="1" name="com.capstone.qa.testcases.FinancePageTest" time="32.176" errors="0" timestamp="2024-05-17T12:16:23 AEST" skipped="0">
  <testcase classname="com.capstone.qa.testcases.FinancePageTest" name="performNewInvoice" time="32.176"/>
  <system-out/>
</testsuite> <!-- com.capstone.qa.testcases.FinancePageTest -->
