<?xml version="1.0" encoding="UTF-8"?>
<!-- Generated by org.testng.reporters.JUnitReportReporter -->
<testsuite hostname="DESKTOP-M3ANAKJ" failures="0" tests="1" name="com.capstone.qa.testcases.LoginPageTest" time="16.486" errors="0" timestamp="2024-05-02T15:05:20 AEST" skipped="0">
  <testcase classname="com.capstone.qa.testcases.LoginPageTest" name="loginTest" time="16.486"/>
  <system-out/>
</testsuite> <!-- com.capstone.qa.testcases.LoginPageTest -->
