<?xml version="1.0" encoding="UTF-8"?>
<!-- Generated by org.testng.reporters.JUnitReportReporter -->
<testsuite hostname="DESKTOP-M3ANAKJ" failures="0" tests="1" name="com.capstone.qa.testcases.FinancePageTest" time="16.700" errors="0" timestamp="2024-05-27T16:15:56 AEST" skipped="0">
  <testcase classname="com.capstone.qa.testcases.FinancePageTest" name="emailValidation" time="16.700"/>
  <system-out/>
</testsuite> <!-- com.capstone.qa.testcases.FinancePageTest -->
