<?xml version="1.0" encoding="UTF-8"?>
<!-- Generated by org.testng.reporters.JUnitReportReporter -->
<testsuite hostname="DESKTOP-M3ANAKJ" failures="0" tests="1" name="com.capstone.qa.testcases.Test1" time="0.010" errors="0" timestamp="2024-06-04T16:44:08 AEST" skipped="0">
  <testcase classname="com.capstone.qa.testcases.Test1" name="array" time="0.010"/>
  <system-out/>
</testsuite> <!-- com.capstone.qa.testcases.Test1 -->
