<?xml version="1.0" encoding="UTF-8"?>
<!-- Generated by org.testng.reporters.JUnitReportReporter -->
<testsuite hostname="DESKTOP-M3ANAKJ" failures="0" tests="1" name="com.capstone.qa.testcases.FinancePageTest" time="24.994" errors="0" timestamp="2024-05-06T16:46:37 AEST" skipped="0">
  <testcase classname="com.capstone.qa.testcases.FinancePageTest" name="patientSearch" time="24.994"/>
  <system-out/>
</testsuite> <!-- com.capstone.qa.testcases.FinancePageTest -->
