<?xml version="1.0" encoding="UTF-8"?>
<!-- Generated by org.testng.reporters.JUnitReportReporter -->
<testsuite hostname="DESKTOP-M3ANAKJ" failures="0" tests="5" name="com.capstone.qa.testcases.UserDashBoardPageTest" time="100.544" errors="0" timestamp="2024-04-24T14:59:01 AEST" skipped="0">
  <testcase classname="com.capstone.qa.testcases.UserDashBoardPageTest" name="financeDashBoardtabPresent" time="19.009"/>
  <system-out/>
  <testcase classname="com.capstone.qa.testcases.UserDashBoardPageTest" name="userDashBoardPageURLTest" time="22.371"/>
  <system-out/>
  <testcase classname="com.capstone.qa.testcases.UserDashBoardPageTest" name="dashBoardTabTest" time="19.376"/>
  <system-out/>
  <testcase classname="com.capstone.qa.testcases.UserDashBoardPageTest" name="providersDashBoardtabPresent" time="21.032"/>
  <system-out/>
  <testcase classname="com.capstone.qa.testcases.UserDashBoardPageTest" name="userDashBoardPageTitleTest" time="18.756"/>
  <system-out/>
</testsuite> <!-- com.capstone.qa.testcases.UserDashBoardPageTest -->
