<?xml version="1.0" encoding="UTF-8"?>
<!-- Generated by org.testng.reporters.JUnitReportReporter -->
<testsuite hostname="DESKTOP-M3ANAKJ" failures="0" tests="1" name="com.capstone.qa.testcases.UserDashBoardPageTest" time="22.074" errors="0" timestamp="2024-04-26T12:04:29 AEST" skipped="0">
  <testcase classname="com.capstone.qa.testcases.UserDashBoardPageTest" name="userDashBoardPageTest" time="22.074"/>
  <system-out/>
</testsuite> <!-- com.capstone.qa.testcases.UserDashBoardPageTest -->
