<?xml version="1.0" encoding="UTF-8"?>
<!-- Generated by org.testng.reporters.JUnitReportReporter -->
<testsuite hostname="DESKTOP-M3ANAKJ" failures="0" tests="1" name="com.capstone.qa.testcases.LoginPageTest" time="20.206" errors="0" timestamp="2024-06-12T12:09:41 AEST" skipped="0">
  <testcase classname="com.capstone.qa.testcases.LoginPageTest" name="loginTest" time="20.206"/>
  <system-out/>
</testsuite> <!-- com.capstone.qa.testcases.LoginPageTest -->
