<?xml version="1.0" encoding="UTF-8"?>
<!-- Generated by org.testng.reporters.JUnitReportReporter -->
<testsuite hostname="DESKTOP-M3ANAKJ" failures="0" tests="1" name="com.capstone.qa.testcases.FinancePageTest" time="34.737" errors="0" timestamp="2024-06-14T12:37:59 AEST" skipped="0">
  <testcase classname="com.capstone.qa.testcases.FinancePageTest" name="performNewInvoice" time="34.737"/>
  <system-out/>
</testsuite> <!-- com.capstone.qa.testcases.FinancePageTest -->
