<?xml version="1.0" encoding="UTF-8"?>
<!-- Generated by org.testng.reporters.JUnitReportReporter -->
<testsuite hostname="DESKTOP-M3ANAKJ" failures="0" tests="2" name="com.capstone.qa.testcases.LoginPageTest" time="23.741" errors="0" timestamp="2024-04-24T12:53:46 AEST" skipped="0">
  <testcase classname="com.capstone.qa.testcases.LoginPageTest" name="loginTest" time="15.687"/>
  <system-out/>
  <testcase classname="com.capstone.qa.testcases.LoginPageTest" name="loginPageTitleTest" time="8.054"/>
  <system-out/>
</testsuite> <!-- com.capstone.qa.testcases.LoginPageTest -->
