<?xml version="1.0" encoding="UTF-8"?>
<!-- Generated by org.testng.reporters.JUnitReportReporter -->
<testsuite hostname="DESKTOP-M3ANAKJ" failures="0" tests="1" name="com.capstone.qa.testcases.FinancePageTest" time="37.527" errors="0" timestamp="2024-05-21T14:22:22 AEST" skipped="0">
  <testcase classname="com.capstone.qa.testcases.FinancePageTest" name="estimateCreationWithNoDate" time="37.527"/>
  <system-out/>
</testsuite> <!-- com.capstone.qa.testcases.FinancePageTest -->
